<?xml version="1.0" encoding="UTF-8"?>
<!-- Generated by org.testng.reporters.JUnitReportReporter -->
<testsuite hostname="TYSS-Mamatha" failures="0" tests="1" name="testcsripts.TC_01Test" time="7.067" errors="0" timestamp="2023-07-27T11:00:01 IST" skipped="0">
  <testcase classname="testcsripts.TC_01Test" name="LoginWithValidCredentials" time="7.067"/>
  <system-out/>
</testsuite> <!-- testcsripts.TC_01Test -->
